This is pdfTeX, Version 3.14159265-2.6-1.40.21 (MiKTeX 20.7) (preloaded format=pdflatex 2020.10.9)  5 MAR 2021 14:21
entering extended mode
**./combine.tex
(combine.tex
LaTeX2e <2020-10-01>
L3 programming layer <2020-10-05> xparse <2020-03-03>
(C:\Users\ChristianOertlin\AppData\Local\Programs\MiKTeX\tex/latex/base\article
.cls
Document Class: article 2020/04/10 v1.4m Standard LaTeX document class

(C:\Users\ChristianOertlin\AppData\Local\Programs\MiKTeX\tex/latex/base\size10.
clo
File: size10.clo 2020/04/10 v1.4m Standard LaTeX file (size option)
)
\c@part=\count175
\c@section=\count176
\c@subsection=\count177
\c@subsubsection=\count178
\c@paragraph=\count179
\c@subparagraph=\count180
\c@figure=\count181
\c@table=\count182
\abovecaptionskip=\skip47
\belowcaptionskip=\skip48
\bibindent=\dimen138
)
(C:\Users\ChristianOertlin\AppData\Local\Programs\MiKTeX\tex/latex/pdfpages\pdf
pages.sty
Package: pdfpages 2021/02/05 v0.5s Insert pages of external PDF documents (AM)

(C:\Users\ChristianOertlin\AppData\Local\Programs\MiKTeX\tex/latex/base\ifthen.
sty
Package: ifthen 2014/09/29 v1.1c Standard LaTeX ifthen package (DPC)
)
(C:\Users\ChristianOertlin\AppData\Local\Programs\MiKTeX\tex/latex/tools\calc.s
ty
Package: calc 2017/05/25 v4.3 Infix arithmetic (KKT,FJ)
\calc@Acount=\count183
\calc@Bcount=\count184
\calc@Adimen=\dimen139
\calc@Bdimen=\dimen140
\calc@Askip=\skip49
\calc@Bskip=\skip50
LaTeX Info: Redefining \setlength on input line 80.
LaTeX Info: Redefining \addtolength on input line 81.
\calc@Ccount=\count185
\calc@Cskip=\skip51
)
(C:\Users\ChristianOertlin\AppData\Local\Programs\MiKTeX\tex/latex/eso-pic\eso-
pic.sty
Package: eso-pic 2020/10/14 v3.0a eso-pic (RN)
\ESO@tempdima=\dimen141
\ESO@tempdimb=\dimen142

(C:\Users\ChristianOertlin\AppData\Local\Programs\MiKTeX\tex/latex/graphics\key
val.sty
Package: keyval 2014/10/28 v1.15 key=value parser (DPC)
\KV@toks@=\toks15
)
(C:\Users\ChristianOertlin\AppData\Local\Programs\MiKTeX\tex/latex/xcolor\xcolo
r.sty
Package: xcolor 2016/05/11 v2.12 LaTeX color extensions (UK)

(C:\Users\ChristianOertlin\AppData\Local\Programs\MiKTeX\tex/latex/graphics-cfg
\color.cfg
File: color.cfg 2016/01/02 v1.6 sample color configuration
)
Package xcolor Info: Driver file: pdftex.def on input line 225.

(C:\Users\ChristianOertlin\AppData\Local\Programs\MiKTeX\tex/latex/graphics-def
\pdftex.def
File: pdftex.def 2020/10/05 v1.2a Graphics/color driver for pdftex
)
Package xcolor Info: Model `cmy' substituted by `cmy0' on input line 1348.
Package xcolor Info: Model `hsb' substituted by `rgb' on input line 1352.
Package xcolor Info: Model `RGB' extended on input line 1364.
Package xcolor Info: Model `HTML' substituted by `rgb' on input line 1366.
Package xcolor Info: Model `Hsb' substituted by `hsb' on input line 1367.
Package xcolor Info: Model `tHsb' substituted by `hsb' on input line 1368.
Package xcolor Info: Model `HSB' substituted by `hsb' on input line 1369.
Package xcolor Info: Model `Gray' substituted by `gray' on input line 1370.
Package xcolor Info: Model `wave' substituted by `hsb' on input line 1371.
))
(C:\Users\ChristianOertlin\AppData\Local\Programs\MiKTeX\tex/latex/graphics\gra
phicx.sty
Package: graphicx 2020/09/09 v1.2b Enhanced LaTeX Graphics (DPC,SPQR)

(C:\Users\ChristianOertlin\AppData\Local\Programs\MiKTeX\tex/latex/graphics\gra
phics.sty
Package: graphics 2020/08/30 v1.4c Standard LaTeX Graphics (DPC,SPQR)

(C:\Users\ChristianOertlin\AppData\Local\Programs\MiKTeX\tex/latex/graphics\tri
g.sty
Package: trig 2016/01/03 v1.10 sin cos tan (DPC)
)
(C:\Users\ChristianOertlin\AppData\Local\Programs\MiKTeX\tex/latex/graphics-cfg
\graphics.cfg
File: graphics.cfg 2016/06/04 v1.11 sample graphics configuration
)
Package graphics Info: Driver file: pdftex.def on input line 105.
)
\Gin@req@height=\dimen143
\Gin@req@width=\dimen144
)
\AM@pagewidth=\dimen145
\AM@pageheight=\dimen146
\AM@fboxrule=\dimen147

(C:\Users\ChristianOertlin\AppData\Local\Programs\MiKTeX\tex/latex/pdfpages\ppp
dftex.def
File: pppdftex.def 2021/02/05 v0.5s Pdfpages driver for pdfTeX (AM)
)
\pdfpages@includegraphics@status=\count186
\AM@pagebox=\box47
\AM@global@opts=\toks16
\AM@pagecnt=\count187
\AM@toc@title=\toks17
\c@AM@survey=\count188
\AM@templatesizebox=\box48
)
(C:\Users\ChristianOertlin\AppData\Local\Programs\MiKTeX\tex/latex/l3backend\l3
backend-pdftex.def
File: l3backend-pdftex.def 2020-09-24 L3 backend support: PDF output (pdfTeX)
\l__kernel_color_stack_int=\count189
\l__pdf_internal_box=\box49
)
No file combine.aux.
\openout1 = `combine.aux'.

LaTeX Font Info:    Checking defaults for OML/cmm/m/it on input line 4.
LaTeX Font Info:    ... okay on input line 4.
LaTeX Font Info:    Checking defaults for OMS/cmsy/m/n on input line 4.
LaTeX Font Info:    ... okay on input line 4.
LaTeX Font Info:    Checking defaults for OT1/cmr/m/n on input line 4.
LaTeX Font Info:    ... okay on input line 4.
LaTeX Font Info:    Checking defaults for T1/cmr/m/n on input line 4.
LaTeX Font Info:    ... okay on input line 4.
LaTeX Font Info:    Checking defaults for TS1/cmr/m/n on input line 4.
LaTeX Font Info:    ... okay on input line 4.
LaTeX Font Info:    Checking defaults for OMX/cmex/m/n on input line 4.
LaTeX Font Info:    ... okay on input line 4.
LaTeX Font Info:    Checking defaults for U/cmr/m/n on input line 4.
LaTeX Font Info:    ... okay on input line 4.

(C:\Users\ChristianOertlin\AppData\Local\Programs\MiKTeX\tex/context/base/mkii\
supp-pdf.mkii
[Loading MPS to PDF converter (version 2006.09.02).]
\scratchcounter=\count190
\scratchdimen=\dimen148
\scratchbox=\box50
\nofMPsegments=\count191
\nofMParguments=\count192
\everyMPshowfont=\toks18
\MPscratchCnt=\count193
\MPscratchDim=\dimen149
\MPnumerator=\count194
\makeMPintoPDFobject=\count195
\everyMPtoPDFconversion=\toks19
)
(C:\Users\ChristianOertlin\AppData\Local\Programs\MiKTeX\tex/latex/epstopdf-pkg
\epstopdf-base.sty
Package: epstopdf-base 2020-01-24 v2.11 Base part for package epstopdf
Package epstopdf-base Info: Redefining graphics rule for `.eps' on input line 4
85.
)
(C:\Users\ChristianOertlin\AppData\Local\Programs\MiKTeX\tex/latex/pdflscape\pd
flscape.sty
Package: pdflscape 2019/12/05 v0.12 Display of landscape pages in PDF (HO)

(C:\Users\ChristianOertlin\AppData\Local\Programs\MiKTeX\tex/generic/iftex\ifte
x.sty
Package: iftex 2020/03/06 v1.0d TeX engine tests
)
(C:\Users\ChristianOertlin\AppData\Local\Programs\MiKTeX\tex/latex/graphics\lsc
ape.sty
Package: lscape 2020/05/28 v3.02 Landscape Pages (DPC)
)
Package pdflscape Info: Auto-detected driver: pdftex on input line 81.
)
<../before_body/before_body.pdf, id=1, 614.295pt x 794.97pt>
File: ../before_body/before_body.pdf Graphic file (type pdf)
<use ../before_body/before_body.pdf>
Package pdftex.def Info: ../before_body/before_body.pdf  used on input line 6.
(pdftex.def)             Requested size: 614.29349pt x 794.96806pt.
File: ../before_body/before_body.pdf Graphic file (type pdf)
<use ../before_body/before_body.pdf>
Package pdftex.def Info: ../before_body/before_body.pdf  used on input line 6.
(pdftex.def)             Requested size: 614.29349pt x 794.96806pt.
<../before_body/before_body.pdf, id=4, page=1, 614.295pt x 794.97pt>
File: ../before_body/before_body.pdf Graphic file (type pdf)
<use ../before_body/before_body.pdf, page 1>
Package pdftex.def Info: ../before_body/before_body.pdf , page1 used on input l
ine 6.
(pdftex.def)             Requested size: 614.29349pt x 794.96806pt.
File: ../before_body/before_body.pdf Graphic file (type pdf)
<use ../before_body/before_body.pdf, page 1>
Package pdftex.def Info: ../before_body/before_body.pdf , page1 used on input l
ine 6.
(pdftex.def)             Requested size: 614.58406pt x 795.3441pt.
File: ../before_body/before_body.pdf Graphic file (type pdf)
<use ../before_body/before_body.pdf, page 1>
Package pdftex.def Info: ../before_body/before_body.pdf , page1 used on input l
ine 6.
(pdftex.def)             Requested size: 614.58406pt x 795.3441pt.
File: ../before_body/before_body.pdf Graphic file (type pdf)
<use ../before_body/before_body.pdf, page 1>
Package pdftex.def Info: ../before_body/before_body.pdf , page1 used on input l
ine 6.
(pdftex.def)             Requested size: 614.58406pt x 795.3441pt.
File: ../before_body/before_body.pdf Graphic file (type pdf)
<use ../before_body/before_body.pdf, page 1>
Package pdftex.def Info: ../before_body/before_body.pdf , page1 used on input l
ine 6.
(pdftex.def)             Requested size: 614.58406pt x 795.3441pt.
 [1

 <../before_body/before_body.pdf{C:/Users/ChristianOertlin/AppData/Local/MiKTeX
/pdftex/config/pdftex.map}>]
<../before_body/before_body.pdf, id=24, page=2, 614.295pt x 794.97pt>
File: ../before_body/before_body.pdf Graphic file (type pdf)
<use ../before_body/before_body.pdf, page 2>
Package pdftex.def Info: ../before_body/before_body.pdf , page2 used on input l
ine 6.
(pdftex.def)             Requested size: 614.58406pt x 795.3441pt.
File: ../before_body/before_body.pdf Graphic file (type pdf)
<use ../before_body/before_body.pdf, page 2>
Package pdftex.def Info: ../before_body/before_body.pdf , page2 used on input l
ine 6.
(pdftex.def)             Requested size: 614.58406pt x 795.3441pt.
File: ../before_body/before_body.pdf Graphic file (type pdf)
<use ../before_body/before_body.pdf, page 2>
Package pdftex.def Info: ../before_body/before_body.pdf , page2 used on input l
ine 6.
(pdftex.def)             Requested size: 614.58406pt x 795.3441pt.
 [2 <../before_body/before_body.pdf>]
<../before_body/before_body.pdf, id=31, page=3, 614.295pt x 794.97pt>
File: ../before_body/before_body.pdf Graphic file (type pdf)
<use ../before_body/before_body.pdf, page 3>
Package pdftex.def Info: ../before_body/before_body.pdf , page3 used on input l
ine 6.
(pdftex.def)             Requested size: 614.58406pt x 795.3441pt.
File: ../before_body/before_body.pdf Graphic file (type pdf)
<use ../before_body/before_body.pdf, page 3>
Package pdftex.def Info: ../before_body/before_body.pdf , page3 used on input l
ine 6.
(pdftex.def)             Requested size: 614.58406pt x 795.3441pt.
File: ../before_body/before_body.pdf Graphic file (type pdf)
<use ../before_body/before_body.pdf, page 3>
Package pdftex.def Info: ../before_body/before_body.pdf , page3 used on input l
ine 6.
(pdftex.def)             Requested size: 614.58406pt x 795.3441pt.

[3 <../before_body/before_body.pdf>]
<../before_body/before_body.pdf, id=45, page=4, 614.295pt x 794.97pt>
File: ../before_body/before_body.pdf Graphic file (type pdf)
<use ../before_body/before_body.pdf, page 4>
Package pdftex.def Info: ../before_body/before_body.pdf , page4 used on input l
ine 6.
(pdftex.def)             Requested size: 614.58406pt x 795.3441pt.
File: ../before_body/before_body.pdf Graphic file (type pdf)
<use ../before_body/before_body.pdf, page 4>
Package pdftex.def Info: ../before_body/before_body.pdf , page4 used on input l
ine 6.
(pdftex.def)             Requested size: 614.58406pt x 795.3441pt.
File: ../before_body/before_body.pdf Graphic file (type pdf)
<use ../before_body/before_body.pdf, page 4>
Package pdftex.def Info: ../before_body/before_body.pdf , page4 used on input l
ine 6.
(pdftex.def)             Requested size: 614.58406pt x 795.3441pt.
 [4 <../before_body/before_body.pdf>]
<../before_body/before_body.pdf, id=49, page=5, 614.295pt x 794.97pt>
File: ../before_body/before_body.pdf Graphic file (type pdf)
<use ../before_body/before_body.pdf, page 5>
Package pdftex.def Info: ../before_body/before_body.pdf , page5 used on input l
ine 6.
(pdftex.def)             Requested size: 614.58406pt x 795.3441pt.
File: ../before_body/before_body.pdf Graphic file (type pdf)
<use ../before_body/before_body.pdf, page 5>
Package pdftex.def Info: ../before_body/before_body.pdf , page5 used on input l
ine 6.
(pdftex.def)             Requested size: 614.58406pt x 795.3441pt.
File: ../before_body/before_body.pdf Graphic file (type pdf)
<use ../before_body/before_body.pdf, page 5>
Package pdftex.def Info: ../before_body/before_body.pdf , page5 used on input l
ine 6.
(pdftex.def)             Requested size: 614.58406pt x 795.3441pt.

[5 <../before_body/before_body.pdf>]
<../before_body/before_body.pdf, id=58, page=6, 614.295pt x 794.97pt>
File: ../before_body/before_body.pdf Graphic file (type pdf)
<use ../before_body/before_body.pdf, page 6>
Package pdftex.def Info: ../before_body/before_body.pdf , page6 used on input l
ine 6.
(pdftex.def)             Requested size: 614.58406pt x 795.3441pt.
File: ../before_body/before_body.pdf Graphic file (type pdf)
<use ../before_body/before_body.pdf, page 6>
Package pdftex.def Info: ../before_body/before_body.pdf , page6 used on input l
ine 6.
(pdftex.def)             Requested size: 614.58406pt x 795.3441pt.
File: ../before_body/before_body.pdf Graphic file (type pdf)
<use ../before_body/before_body.pdf, page 6>
Package pdftex.def Info: ../before_body/before_body.pdf , page6 used on input l
ine 6.
(pdftex.def)             Requested size: 614.58406pt x 795.3441pt.
 [6 <../before_body/before_body.pdf>]
<../output/thesis.pdf, id=62, 614.295pt x 794.97pt>
File: ../output/thesis.pdf Graphic file (type pdf)
<use ../output/thesis.pdf>
Package pdftex.def Info: ../output/thesis.pdf  used on input line 7.
(pdftex.def)             Requested size: 614.29349pt x 794.96806pt.
File: ../output/thesis.pdf Graphic file (type pdf)
<use ../output/thesis.pdf>
Package pdftex.def Info: ../output/thesis.pdf  used on input line 7.
(pdftex.def)             Requested size: 614.29349pt x 794.96806pt.
<../output/thesis.pdf, id=65, page=1, 614.295pt x 794.97pt>
File: ../output/thesis.pdf Graphic file (type pdf)
<use ../output/thesis.pdf, page 1>
Package pdftex.def Info: ../output/thesis.pdf , page1 used on input line 7.
(pdftex.def)             Requested size: 614.29349pt x 794.96806pt.
File: ../output/thesis.pdf Graphic file (type pdf)
<use ../output/thesis.pdf, page 1>
Package pdftex.def Info: ../output/thesis.pdf , page1 used on input line 7.
(pdftex.def)             Requested size: 614.58406pt x 795.3441pt.
File: ../output/thesis.pdf Graphic file (type pdf)
<use ../output/thesis.pdf, page 1>
Package pdftex.def Info: ../output/thesis.pdf , page1 used on input line 7.
(pdftex.def)             Requested size: 614.58406pt x 795.3441pt.
File: ../output/thesis.pdf Graphic file (type pdf)
<use ../output/thesis.pdf, page 1>
Package pdftex.def Info: ../output/thesis.pdf , page1 used on input line 7.
(pdftex.def)             Requested size: 614.58406pt x 795.3441pt.
File: ../output/thesis.pdf Graphic file (type pdf)
<use ../output/thesis.pdf, page 1>
Package pdftex.def Info: ../output/thesis.pdf , page1 used on input line 7.
(pdftex.def)             Requested size: 614.58406pt x 795.3441pt.

[7 <../output/thesis.pdf>]
<../output/thesis.pdf, id=77, page=2, 614.295pt x 794.97pt>
File: ../output/thesis.pdf Graphic file (type pdf)
<use ../output/thesis.pdf, page 2>
Package pdftex.def Info: ../output/thesis.pdf , page2 used on input line 7.
(pdftex.def)             Requested size: 614.58406pt x 795.3441pt.
File: ../output/thesis.pdf Graphic file (type pdf)
<use ../output/thesis.pdf, page 2>
Package pdftex.def Info: ../output/thesis.pdf , page2 used on input line 7.
(pdftex.def)             Requested size: 614.58406pt x 795.3441pt.
File: ../output/thesis.pdf Graphic file (type pdf)
<use ../output/thesis.pdf, page 2>
Package pdftex.def Info: ../output/thesis.pdf , page2 used on input line 7.
(pdftex.def)             Requested size: 614.58406pt x 795.3441pt.
 [8 <../output/thesis.pdf>]
<../output/thesis.pdf, id=81, page=3, 614.295pt x 794.97pt>
File: ../output/thesis.pdf Graphic file (type pdf)
<use ../output/thesis.pdf, page 3>
Package pdftex.def Info: ../output/thesis.pdf , page3 used on input line 7.
(pdftex.def)             Requested size: 614.58406pt x 795.3441pt.
File: ../output/thesis.pdf Graphic file (type pdf)
<use ../output/thesis.pdf, page 3>
Package pdftex.def Info: ../output/thesis.pdf , page3 used on input line 7.
(pdftex.def)             Requested size: 614.58406pt x 795.3441pt.
File: ../output/thesis.pdf Graphic file (type pdf)
<use ../output/thesis.pdf, page 3>
Package pdftex.def Info: ../output/thesis.pdf , page3 used on input line 7.
(pdftex.def)             Requested size: 614.58406pt x 795.3441pt.
 [9 <../output/thesis.pdf>]
<../output/thesis.pdf, id=85, page=4, 614.295pt x 794.97pt>
File: ../output/thesis.pdf Graphic file (type pdf)
<use ../output/thesis.pdf, page 4>
Package pdftex.def Info: ../output/thesis.pdf , page4 used on input line 7.
(pdftex.def)             Requested size: 614.58406pt x 795.3441pt.
File: ../output/thesis.pdf Graphic file (type pdf)
<use ../output/thesis.pdf, page 4>
Package pdftex.def Info: ../output/thesis.pdf , page4 used on input line 7.
(pdftex.def)             Requested size: 614.58406pt x 795.3441pt.
File: ../output/thesis.pdf Graphic file (type pdf)
<use ../output/thesis.pdf, page 4>
Package pdftex.def Info: ../output/thesis.pdf , page4 used on input line 7.
(pdftex.def)             Requested size: 614.58406pt x 795.3441pt.
 [10 <../output/thesis.pdf>]
<../output/thesis.pdf, id=89, page=5, 614.295pt x 794.97pt>
File: ../output/thesis.pdf Graphic file (type pdf)
<use ../output/thesis.pdf, page 5>
Package pdftex.def Info: ../output/thesis.pdf , page5 used on input line 7.
(pdftex.def)             Requested size: 614.58406pt x 795.3441pt.
File: ../output/thesis.pdf Graphic file (type pdf)
<use ../output/thesis.pdf, page 5>
Package pdftex.def Info: ../output/thesis.pdf , page5 used on input line 7.
(pdftex.def)             Requested size: 614.58406pt x 795.3441pt.
File: ../output/thesis.pdf Graphic file (type pdf)
<use ../output/thesis.pdf, page 5>
Package pdftex.def Info: ../output/thesis.pdf , page5 used on input line 7.
(pdftex.def)             Requested size: 614.58406pt x 795.3441pt.
 [11 <../output/thesis.pdf>]
<../output/thesis.pdf, id=119, page=6, 614.295pt x 794.97pt>
File: ../output/thesis.pdf Graphic file (type pdf)
<use ../output/thesis.pdf, page 6>
Package pdftex.def Info: ../output/thesis.pdf , page6 used on input line 7.
(pdftex.def)             Requested size: 614.58406pt x 795.3441pt.
File: ../output/thesis.pdf Graphic file (type pdf)
<use ../output/thesis.pdf, page 6>
Package pdftex.def Info: ../output/thesis.pdf , page6 used on input line 7.
(pdftex.def)             Requested size: 614.58406pt x 795.3441pt.
File: ../output/thesis.pdf Graphic file (type pdf)
<use ../output/thesis.pdf, page 6>
Package pdftex.def Info: ../output/thesis.pdf , page6 used on input line 7.
(pdftex.def)             Requested size: 614.58406pt x 795.3441pt.
 [12 <../output/thesis.pdf>]
<../output/thesis.pdf, id=123, page=7, 614.295pt x 794.97pt>
File: ../output/thesis.pdf Graphic file (type pdf)
<use ../output/thesis.pdf, page 7>
Package pdftex.def Info: ../output/thesis.pdf , page7 used on input line 7.
(pdftex.def)             Requested size: 614.58406pt x 795.3441pt.
File: ../output/thesis.pdf Graphic file (type pdf)
<use ../output/thesis.pdf, page 7>
Package pdftex.def Info: ../output/thesis.pdf , page7 used on input line 7.
(pdftex.def)             Requested size: 614.58406pt x 795.3441pt.
File: ../output/thesis.pdf Graphic file (type pdf)
<use ../output/thesis.pdf, page 7>
Package pdftex.def Info: ../output/thesis.pdf , page7 used on input line 7.
(pdftex.def)             Requested size: 614.58406pt x 795.3441pt.
 [13 <../output/thesis.pdf>]
<../output/thesis.pdf, id=128, page=8, 614.295pt x 794.97pt>
File: ../output/thesis.pdf Graphic file (type pdf)
<use ../output/thesis.pdf, page 8>
Package pdftex.def Info: ../output/thesis.pdf , page8 used on input line 7.
(pdftex.def)             Requested size: 614.58406pt x 795.3441pt.
File: ../output/thesis.pdf Graphic file (type pdf)
<use ../output/thesis.pdf, page 8>
Package pdftex.def Info: ../output/thesis.pdf , page8 used on input line 7.
(pdftex.def)             Requested size: 614.58406pt x 795.3441pt.
File: ../output/thesis.pdf Graphic file (type pdf)
<use ../output/thesis.pdf, page 8>
Package pdftex.def Info: ../output/thesis.pdf , page8 used on input line 7.
(pdftex.def)             Requested size: 614.58406pt x 795.3441pt.
 [14 <../output/thesis.pdf>]
<../output/thesis.pdf, id=147, page=9, 614.295pt x 794.97pt>
File: ../output/thesis.pdf Graphic file (type pdf)
<use ../output/thesis.pdf, page 9>
Package pdftex.def Info: ../output/thesis.pdf , page9 used on input line 7.
(pdftex.def)             Requested size: 614.58406pt x 795.3441pt.
File: ../output/thesis.pdf Graphic file (type pdf)
<use ../output/thesis.pdf, page 9>
Package pdftex.def Info: ../output/thesis.pdf , page9 used on input line 7.
(pdftex.def)             Requested size: 614.58406pt x 795.3441pt.
File: ../output/thesis.pdf Graphic file (type pdf)
<use ../output/thesis.pdf, page 9>
Package pdftex.def Info: ../output/thesis.pdf , page9 used on input line 7.
(pdftex.def)             Requested size: 614.58406pt x 795.3441pt.
 [15 <../output/thesis.pdf>]
<../output/thesis.pdf, id=168, page=10, 614.295pt x 794.97pt>
File: ../output/thesis.pdf Graphic file (type pdf)
<use ../output/thesis.pdf, page 10>
Package pdftex.def Info: ../output/thesis.pdf , page10 used on input line 7.
(pdftex.def)             Requested size: 614.58406pt x 795.3441pt.
File: ../output/thesis.pdf Graphic file (type pdf)
<use ../output/thesis.pdf, page 10>
Package pdftex.def Info: ../output/thesis.pdf , page10 used on input line 7.
(pdftex.def)             Requested size: 614.58406pt x 795.3441pt.
File: ../output/thesis.pdf Graphic file (type pdf)
<use ../output/thesis.pdf, page 10>
Package pdftex.def Info: ../output/thesis.pdf , page10 used on input line 7.
(pdftex.def)             Requested size: 614.58406pt x 795.3441pt.
 [16 <../output/thesis.pdf>]
<../output/thesis.pdf, id=172, page=11, 614.295pt x 794.97pt>
File: ../output/thesis.pdf Graphic file (type pdf)
<use ../output/thesis.pdf, page 11>
Package pdftex.def Info: ../output/thesis.pdf , page11 used on input line 7.
(pdftex.def)             Requested size: 614.58406pt x 795.3441pt.
File: ../output/thesis.pdf Graphic file (type pdf)
<use ../output/thesis.pdf, page 11>
Package pdftex.def Info: ../output/thesis.pdf , page11 used on input line 7.
(pdftex.def)             Requested size: 614.58406pt x 795.3441pt.
File: ../output/thesis.pdf Graphic file (type pdf)
<use ../output/thesis.pdf, page 11>
Package pdftex.def Info: ../output/thesis.pdf , page11 used on input line 7.
(pdftex.def)             Requested size: 614.58406pt x 795.3441pt.
 [17 <../output/thesis.pdf>]
<../output/thesis.pdf, id=177, page=12, 614.295pt x 794.97pt>
File: ../output/thesis.pdf Graphic file (type pdf)
<use ../output/thesis.pdf, page 12>
Package pdftex.def Info: ../output/thesis.pdf , page12 used on input line 7.
(pdftex.def)             Requested size: 614.58406pt x 795.3441pt.
File: ../output/thesis.pdf Graphic file (type pdf)
<use ../output/thesis.pdf, page 12>
Package pdftex.def Info: ../output/thesis.pdf , page12 used on input line 7.
(pdftex.def)             Requested size: 614.58406pt x 795.3441pt.
File: ../output/thesis.pdf Graphic file (type pdf)
<use ../output/thesis.pdf, page 12>
Package pdftex.def Info: ../output/thesis.pdf , page12 used on input line 7.
(pdftex.def)             Requested size: 614.58406pt x 795.3441pt.
 [18 <../output/thesis.pdf>]
<../output/thesis.pdf, id=215, page=13, 614.295pt x 794.97pt>
File: ../output/thesis.pdf Graphic file (type pdf)
<use ../output/thesis.pdf, page 13>
Package pdftex.def Info: ../output/thesis.pdf , page13 used on input line 7.
(pdftex.def)             Requested size: 614.58406pt x 795.3441pt.
File: ../output/thesis.pdf Graphic file (type pdf)
<use ../output/thesis.pdf, page 13>
Package pdftex.def Info: ../output/thesis.pdf , page13 used on input line 7.
(pdftex.def)             Requested size: 614.58406pt x 795.3441pt.
File: ../output/thesis.pdf Graphic file (type pdf)
<use ../output/thesis.pdf, page 13>
Package pdftex.def Info: ../output/thesis.pdf , page13 used on input line 7.
(pdftex.def)             Requested size: 614.58406pt x 795.3441pt.
 [19 <../output/thesis.pdf>]
<../output/thesis.pdf, id=220, page=14, 614.295pt x 794.97pt>
File: ../output/thesis.pdf Graphic file (type pdf)
<use ../output/thesis.pdf, page 14>
Package pdftex.def Info: ../output/thesis.pdf , page14 used on input line 7.
(pdftex.def)             Requested size: 614.58406pt x 795.3441pt.
File: ../output/thesis.pdf Graphic file (type pdf)
<use ../output/thesis.pdf, page 14>
Package pdftex.def Info: ../output/thesis.pdf , page14 used on input line 7.
(pdftex.def)             Requested size: 614.58406pt x 795.3441pt.
File: ../output/thesis.pdf Graphic file (type pdf)
<use ../output/thesis.pdf, page 14>
Package pdftex.def Info: ../output/thesis.pdf , page14 used on input line 7.
(pdftex.def)             Requested size: 614.58406pt x 795.3441pt.
 [20 <../output/thesis.pdf>]
<../output/thesis.pdf, id=224, page=15, 614.295pt x 794.97pt>
File: ../output/thesis.pdf Graphic file (type pdf)
<use ../output/thesis.pdf, page 15>
Package pdftex.def Info: ../output/thesis.pdf , page15 used on input line 7.
(pdftex.def)             Requested size: 614.58406pt x 795.3441pt.
File: ../output/thesis.pdf Graphic file (type pdf)
<use ../output/thesis.pdf, page 15>
Package pdftex.def Info: ../output/thesis.pdf , page15 used on input line 7.
(pdftex.def)             Requested size: 614.58406pt x 795.3441pt.
File: ../output/thesis.pdf Graphic file (type pdf)
<use ../output/thesis.pdf, page 15>
Package pdftex.def Info: ../output/thesis.pdf , page15 used on input line 7.
(pdftex.def)             Requested size: 614.58406pt x 795.3441pt.

[21 <../output/thesis.pdf>]
<../output/thesis.pdf, id=234, page=16, 614.295pt x 794.97pt>
File: ../output/thesis.pdf Graphic file (type pdf)
<use ../output/thesis.pdf, page 16>
Package pdftex.def Info: ../output/thesis.pdf , page16 used on input line 7.
(pdftex.def)             Requested size: 614.58406pt x 795.3441pt.
File: ../output/thesis.pdf Graphic file (type pdf)
<use ../output/thesis.pdf, page 16>
Package pdftex.def Info: ../output/thesis.pdf , page16 used on input line 7.
(pdftex.def)             Requested size: 614.58406pt x 795.3441pt.
File: ../output/thesis.pdf Graphic file (type pdf)
<use ../output/thesis.pdf, page 16>
Package pdftex.def Info: ../output/thesis.pdf , page16 used on input line 7.
(pdftex.def)             Requested size: 614.58406pt x 795.3441pt.
 [22 <../output/thesis.pdf>]
<../output/thesis.pdf, id=238, page=17, 614.295pt x 794.97pt>
File: ../output/thesis.pdf Graphic file (type pdf)
<use ../output/thesis.pdf, page 17>
Package pdftex.def Info: ../output/thesis.pdf , page17 used on input line 7.
(pdftex.def)             Requested size: 614.58406pt x 795.3441pt.
File: ../output/thesis.pdf Graphic file (type pdf)
<use ../output/thesis.pdf, page 17>
Package pdftex.def Info: ../output/thesis.pdf , page17 used on input line 7.
(pdftex.def)             Requested size: 614.58406pt x 795.3441pt.
File: ../output/thesis.pdf Graphic file (type pdf)
<use ../output/thesis.pdf, page 17>
Package pdftex.def Info: ../output/thesis.pdf , page17 used on input line 7.
(pdftex.def)             Requested size: 614.58406pt x 795.3441pt.
 [23 <../output/thesis.pdf>]
<../output/thesis.pdf, id=242, page=18, 614.295pt x 794.97pt>
File: ../output/thesis.pdf Graphic file (type pdf)
<use ../output/thesis.pdf, page 18>
Package pdftex.def Info: ../output/thesis.pdf , page18 used on input line 7.
(pdftex.def)             Requested size: 614.58406pt x 795.3441pt.
File: ../output/thesis.pdf Graphic file (type pdf)
<use ../output/thesis.pdf, page 18>
Package pdftex.def Info: ../output/thesis.pdf , page18 used on input line 7.
(pdftex.def)             Requested size: 614.58406pt x 795.3441pt.
File: ../output/thesis.pdf Graphic file (type pdf)
<use ../output/thesis.pdf, page 18>
Package pdftex.def Info: ../output/thesis.pdf , page18 used on input line 7.
(pdftex.def)             Requested size: 614.58406pt x 795.3441pt.
 [24 <../output/thesis.pdf>]
<../output/thesis.pdf, id=246, page=19, 614.295pt x 794.97pt>
File: ../output/thesis.pdf Graphic file (type pdf)
<use ../output/thesis.pdf, page 19>
Package pdftex.def Info: ../output/thesis.pdf , page19 used on input line 7.
(pdftex.def)             Requested size: 614.58406pt x 795.3441pt.
File: ../output/thesis.pdf Graphic file (type pdf)
<use ../output/thesis.pdf, page 19>
Package pdftex.def Info: ../output/thesis.pdf , page19 used on input line 7.
(pdftex.def)             Requested size: 614.58406pt x 795.3441pt.
File: ../output/thesis.pdf Graphic file (type pdf)
<use ../output/thesis.pdf, page 19>
Package pdftex.def Info: ../output/thesis.pdf , page19 used on input line 7.
(pdftex.def)             Requested size: 614.58406pt x 795.3441pt.
 [25 <../output/thesis.pdf>]
<../output/thesis.pdf, id=268, page=20, 614.295pt x 794.97pt>
File: ../output/thesis.pdf Graphic file (type pdf)
<use ../output/thesis.pdf, page 20>
Package pdftex.def Info: ../output/thesis.pdf , page20 used on input line 7.
(pdftex.def)             Requested size: 614.58406pt x 795.3441pt.
File: ../output/thesis.pdf Graphic file (type pdf)
<use ../output/thesis.pdf, page 20>
Package pdftex.def Info: ../output/thesis.pdf , page20 used on input line 7.
(pdftex.def)             Requested size: 614.58406pt x 795.3441pt.
File: ../output/thesis.pdf Graphic file (type pdf)
<use ../output/thesis.pdf, page 20>
Package pdftex.def Info: ../output/thesis.pdf , page20 used on input line 7.
(pdftex.def)             Requested size: 614.58406pt x 795.3441pt.
 [26 <../output/thesis.pdf>]
<../output/thesis.pdf, id=275, page=21, 614.295pt x 794.97pt>
File: ../output/thesis.pdf Graphic file (type pdf)
<use ../output/thesis.pdf, page 21>
Package pdftex.def Info: ../output/thesis.pdf , page21 used on input line 7.
(pdftex.def)             Requested size: 614.58406pt x 795.3441pt.
File: ../output/thesis.pdf Graphic file (type pdf)
<use ../output/thesis.pdf, page 21>
Package pdftex.def Info: ../output/thesis.pdf , page21 used on input line 7.
(pdftex.def)             Requested size: 614.58406pt x 795.3441pt.
File: ../output/thesis.pdf Graphic file (type pdf)
<use ../output/thesis.pdf, page 21>
Package pdftex.def Info: ../output/thesis.pdf , page21 used on input line 7.
(pdftex.def)             Requested size: 614.58406pt x 795.3441pt.
 [27 <../output/thesis.pdf>]
<../output/thesis.pdf, id=279, page=22, 614.295pt x 794.97pt>
File: ../output/thesis.pdf Graphic file (type pdf)
<use ../output/thesis.pdf, page 22>
Package pdftex.def Info: ../output/thesis.pdf , page22 used on input line 7.
(pdftex.def)             Requested size: 614.58406pt x 795.3441pt.
File: ../output/thesis.pdf Graphic file (type pdf)
<use ../output/thesis.pdf, page 22>
Package pdftex.def Info: ../output/thesis.pdf , page22 used on input line 7.
(pdftex.def)             Requested size: 614.58406pt x 795.3441pt.
File: ../output/thesis.pdf Graphic file (type pdf)
<use ../output/thesis.pdf, page 22>
Package pdftex.def Info: ../output/thesis.pdf , page22 used on input line 7.
(pdftex.def)             Requested size: 614.58406pt x 795.3441pt.
 [28 <../output/thesis.pdf>]
<../output/thesis.pdf, id=283, page=23, 614.295pt x 794.97pt>
File: ../output/thesis.pdf Graphic file (type pdf)
<use ../output/thesis.pdf, page 23>
Package pdftex.def Info: ../output/thesis.pdf , page23 used on input line 7.
(pdftex.def)             Requested size: 614.58406pt x 795.3441pt.
File: ../output/thesis.pdf Graphic file (type pdf)
<use ../output/thesis.pdf, page 23>
Package pdftex.def Info: ../output/thesis.pdf , page23 used on input line 7.
(pdftex.def)             Requested size: 614.58406pt x 795.3441pt.
File: ../output/thesis.pdf Graphic file (type pdf)
<use ../output/thesis.pdf, page 23>
Package pdftex.def Info: ../output/thesis.pdf , page23 used on input line 7.
(pdftex.def)             Requested size: 614.58406pt x 795.3441pt.
 [29 <../output/thesis.pdf>]
<../output/thesis.pdf, id=304, page=24, 614.295pt x 794.97pt>
File: ../output/thesis.pdf Graphic file (type pdf)
<use ../output/thesis.pdf, page 24>
Package pdftex.def Info: ../output/thesis.pdf , page24 used on input line 7.
(pdftex.def)             Requested size: 614.58406pt x 795.3441pt.
File: ../output/thesis.pdf Graphic file (type pdf)
<use ../output/thesis.pdf, page 24>
Package pdftex.def Info: ../output/thesis.pdf , page24 used on input line 7.
(pdftex.def)             Requested size: 614.58406pt x 795.3441pt.
File: ../output/thesis.pdf Graphic file (type pdf)
<use ../output/thesis.pdf, page 24>
Package pdftex.def Info: ../output/thesis.pdf , page24 used on input line 7.
(pdftex.def)             Requested size: 614.58406pt x 795.3441pt.
 [30 <../output/thesis.pdf>]
<../output/thesis.pdf, id=325, page=25, 614.295pt x 794.97pt>
File: ../output/thesis.pdf Graphic file (type pdf)
<use ../output/thesis.pdf, page 25>
Package pdftex.def Info: ../output/thesis.pdf , page25 used on input line 7.
(pdftex.def)             Requested size: 614.58406pt x 795.3441pt.
File: ../output/thesis.pdf Graphic file (type pdf)
<use ../output/thesis.pdf, page 25>
Package pdftex.def Info: ../output/thesis.pdf , page25 used on input line 7.
(pdftex.def)             Requested size: 614.58406pt x 795.3441pt.
File: ../output/thesis.pdf Graphic file (type pdf)
<use ../output/thesis.pdf, page 25>
Package pdftex.def Info: ../output/thesis.pdf , page25 used on input line 7.
(pdftex.def)             Requested size: 614.58406pt x 795.3441pt.
 [31 <../output/thesis.pdf>]
<../output/thesis.pdf, id=330, page=26, 614.295pt x 794.97pt>
File: ../output/thesis.pdf Graphic file (type pdf)
<use ../output/thesis.pdf, page 26>
Package pdftex.def Info: ../output/thesis.pdf , page26 used on input line 7.
(pdftex.def)             Requested size: 614.58406pt x 795.3441pt.
File: ../output/thesis.pdf Graphic file (type pdf)
<use ../output/thesis.pdf, page 26>
Package pdftex.def Info: ../output/thesis.pdf , page26 used on input line 7.
(pdftex.def)             Requested size: 614.58406pt x 795.3441pt.
File: ../output/thesis.pdf Graphic file (type pdf)
<use ../output/thesis.pdf, page 26>
Package pdftex.def Info: ../output/thesis.pdf , page26 used on input line 7.
(pdftex.def)             Requested size: 614.58406pt x 795.3441pt.
 [32 <../output/thesis.pdf>]
<../output/thesis.pdf, id=337, page=27, 614.295pt x 794.97pt>
File: ../output/thesis.pdf Graphic file (type pdf)
<use ../output/thesis.pdf, page 27>
Package pdftex.def Info: ../output/thesis.pdf , page27 used on input line 7.
(pdftex.def)             Requested size: 614.58406pt x 795.3441pt.
File: ../output/thesis.pdf Graphic file (type pdf)
<use ../output/thesis.pdf, page 27>
Package pdftex.def Info: ../output/thesis.pdf , page27 used on input line 7.
(pdftex.def)             Requested size: 614.58406pt x 795.3441pt.
File: ../output/thesis.pdf Graphic file (type pdf)
<use ../output/thesis.pdf, page 27>
Package pdftex.def Info: ../output/thesis.pdf , page27 used on input line 7.
(pdftex.def)             Requested size: 614.58406pt x 795.3441pt.
 [33 <../output/thesis.pdf>]
<../output/thesis.pdf, id=341, page=28, 614.295pt x 794.97pt>
File: ../output/thesis.pdf Graphic file (type pdf)
<use ../output/thesis.pdf, page 28>
Package pdftex.def Info: ../output/thesis.pdf , page28 used on input line 7.
(pdftex.def)             Requested size: 614.58406pt x 795.3441pt.
File: ../output/thesis.pdf Graphic file (type pdf)
<use ../output/thesis.pdf, page 28>
Package pdftex.def Info: ../output/thesis.pdf , page28 used on input line 7.
(pdftex.def)             Requested size: 614.58406pt x 795.3441pt.
File: ../output/thesis.pdf Graphic file (type pdf)
<use ../output/thesis.pdf, page 28>
Package pdftex.def Info: ../output/thesis.pdf , page28 used on input line 7.
(pdftex.def)             Requested size: 614.58406pt x 795.3441pt.
 [34 <../output/thesis.pdf>]
<../output/thesis.pdf, id=360, page=29, 614.295pt x 794.97pt>
File: ../output/thesis.pdf Graphic file (type pdf)
<use ../output/thesis.pdf, page 29>
Package pdftex.def Info: ../output/thesis.pdf , page29 used on input line 7.
(pdftex.def)             Requested size: 614.58406pt x 795.3441pt.
File: ../output/thesis.pdf Graphic file (type pdf)
<use ../output/thesis.pdf, page 29>
Package pdftex.def Info: ../output/thesis.pdf , page29 used on input line 7.
(pdftex.def)             Requested size: 614.58406pt x 795.3441pt.
File: ../output/thesis.pdf Graphic file (type pdf)
<use ../output/thesis.pdf, page 29>
Package pdftex.def Info: ../output/thesis.pdf , page29 used on input line 7.
(pdftex.def)             Requested size: 614.58406pt x 795.3441pt.

[35 <../output/thesis.pdf>]
<../output/thesis.pdf, id=364, page=30, 614.295pt x 794.97pt>
File: ../output/thesis.pdf Graphic file (type pdf)
<use ../output/thesis.pdf, page 30>
Package pdftex.def Info: ../output/thesis.pdf , page30 used on input line 7.
(pdftex.def)             Requested size: 614.58406pt x 795.3441pt.
File: ../output/thesis.pdf Graphic file (type pdf)
<use ../output/thesis.pdf, page 30>
Package pdftex.def Info: ../output/thesis.pdf , page30 used on input line 7.
(pdftex.def)             Requested size: 614.58406pt x 795.3441pt.
File: ../output/thesis.pdf Graphic file (type pdf)
<use ../output/thesis.pdf, page 30>
Package pdftex.def Info: ../output/thesis.pdf , page30 used on input line 7.
(pdftex.def)             Requested size: 614.58406pt x 795.3441pt.
 [36 <../output/thesis.pdf>]
<../output/thesis.pdf, id=368, page=31, 614.295pt x 794.97pt>
File: ../output/thesis.pdf Graphic file (type pdf)
<use ../output/thesis.pdf, page 31>
Package pdftex.def Info: ../output/thesis.pdf , page31 used on input line 7.
(pdftex.def)             Requested size: 614.58406pt x 795.3441pt.
File: ../output/thesis.pdf Graphic file (type pdf)
<use ../output/thesis.pdf, page 31>
Package pdftex.def Info: ../output/thesis.pdf , page31 used on input line 7.
(pdftex.def)             Requested size: 614.58406pt x 795.3441pt.
File: ../output/thesis.pdf Graphic file (type pdf)
<use ../output/thesis.pdf, page 31>
Package pdftex.def Info: ../output/thesis.pdf , page31 used on input line 7.
(pdftex.def)             Requested size: 614.58406pt x 795.3441pt.
 [37 <../output/thesis.pdf>]
<../output/thesis.pdf, id=381, page=32, 614.295pt x 794.97pt>
File: ../output/thesis.pdf Graphic file (type pdf)
<use ../output/thesis.pdf, page 32>
Package pdftex.def Info: ../output/thesis.pdf , page32 used on input line 7.
(pdftex.def)             Requested size: 614.58406pt x 795.3441pt.
File: ../output/thesis.pdf Graphic file (type pdf)
<use ../output/thesis.pdf, page 32>
Package pdftex.def Info: ../output/thesis.pdf , page32 used on input line 7.
(pdftex.def)             Requested size: 614.58406pt x 795.3441pt.
File: ../output/thesis.pdf Graphic file (type pdf)
<use ../output/thesis.pdf, page 32>
Package pdftex.def Info: ../output/thesis.pdf , page32 used on input line 7.
(pdftex.def)             Requested size: 614.58406pt x 795.3441pt.
 [38 <../output/thesis.pdf>]
<../output/thesis.pdf, id=410, page=33, 614.295pt x 794.97pt>
File: ../output/thesis.pdf Graphic file (type pdf)
<use ../output/thesis.pdf, page 33>
Package pdftex.def Info: ../output/thesis.pdf , page33 used on input line 7.
(pdftex.def)             Requested size: 614.58406pt x 795.3441pt.
File: ../output/thesis.pdf Graphic file (type pdf)
<use ../output/thesis.pdf, page 33>
Package pdftex.def Info: ../output/thesis.pdf , page33 used on input line 7.
(pdftex.def)             Requested size: 614.58406pt x 795.3441pt.
File: ../output/thesis.pdf Graphic file (type pdf)
<use ../output/thesis.pdf, page 33>
Package pdftex.def Info: ../output/thesis.pdf , page33 used on input line 7.
(pdftex.def)             Requested size: 614.58406pt x 795.3441pt.
 [39 <../output/thesis.pdf>]
<../output/thesis.pdf, id=447, page=34, 614.295pt x 794.97pt>
File: ../output/thesis.pdf Graphic file (type pdf)
<use ../output/thesis.pdf, page 34>
Package pdftex.def Info: ../output/thesis.pdf , page34 used on input line 7.
(pdftex.def)             Requested size: 614.58406pt x 795.3441pt.
File: ../output/thesis.pdf Graphic file (type pdf)
<use ../output/thesis.pdf, page 34>
Package pdftex.def Info: ../output/thesis.pdf , page34 used on input line 7.
(pdftex.def)             Requested size: 614.58406pt x 795.3441pt.
File: ../output/thesis.pdf Graphic file (type pdf)
<use ../output/thesis.pdf, page 34>
Package pdftex.def Info: ../output/thesis.pdf , page34 used on input line 7.
(pdftex.def)             Requested size: 614.58406pt x 795.3441pt.
 [40 <../output/thesis.pdf>]
<../output/thesis.pdf, id=451, page=35, 614.295pt x 794.97pt>
File: ../output/thesis.pdf Graphic file (type pdf)
<use ../output/thesis.pdf, page 35>
Package pdftex.def Info: ../output/thesis.pdf , page35 used on input line 7.
(pdftex.def)             Requested size: 614.58406pt x 795.3441pt.
File: ../output/thesis.pdf Graphic file (type pdf)
<use ../output/thesis.pdf, page 35>
Package pdftex.def Info: ../output/thesis.pdf , page35 used on input line 7.
(pdftex.def)             Requested size: 614.58406pt x 795.3441pt.
File: ../output/thesis.pdf Graphic file (type pdf)
<use ../output/thesis.pdf, page 35>
Package pdftex.def Info: ../output/thesis.pdf , page35 used on input line 7.
(pdftex.def)             Requested size: 614.58406pt x 795.3441pt.
 [41 <../output/thesis.pdf>]
<../output/thesis.pdf, id=455, page=36, 614.295pt x 794.97pt>
File: ../output/thesis.pdf Graphic file (type pdf)
<use ../output/thesis.pdf, page 36>
Package pdftex.def Info: ../output/thesis.pdf , page36 used on input line 7.
(pdftex.def)             Requested size: 614.58406pt x 795.3441pt.
File: ../output/thesis.pdf Graphic file (type pdf)
<use ../output/thesis.pdf, page 36>
Package pdftex.def Info: ../output/thesis.pdf , page36 used on input line 7.
(pdftex.def)             Requested size: 614.58406pt x 795.3441pt.
File: ../output/thesis.pdf Graphic file (type pdf)
<use ../output/thesis.pdf, page 36>
Package pdftex.def Info: ../output/thesis.pdf , page36 used on input line 7.
(pdftex.def)             Requested size: 614.58406pt x 795.3441pt.
 [42 <../output/thesis.pdf>]
<../output/thesis.pdf, id=459, page=37, 614.295pt x 794.97pt>
File: ../output/thesis.pdf Graphic file (type pdf)
<use ../output/thesis.pdf, page 37>
Package pdftex.def Info: ../output/thesis.pdf , page37 used on input line 7.
(pdftex.def)             Requested size: 614.58406pt x 795.3441pt.
File: ../output/thesis.pdf Graphic file (type pdf)
<use ../output/thesis.pdf, page 37>
Package pdftex.def Info: ../output/thesis.pdf , page37 used on input line 7.
(pdftex.def)             Requested size: 614.58406pt x 795.3441pt.
File: ../output/thesis.pdf Graphic file (type pdf)
<use ../output/thesis.pdf, page 37>
Package pdftex.def Info: ../output/thesis.pdf , page37 used on input line 7.
(pdftex.def)             Requested size: 614.58406pt x 795.3441pt.
 [43 <../output/thesis.pdf>]
<../output/thesis.pdf, id=464, page=38, 614.295pt x 794.97pt>
File: ../output/thesis.pdf Graphic file (type pdf)
<use ../output/thesis.pdf, page 38>
Package pdftex.def Info: ../output/thesis.pdf , page38 used on input line 7.
(pdftex.def)             Requested size: 614.58406pt x 795.3441pt.
File: ../output/thesis.pdf Graphic file (type pdf)
<use ../output/thesis.pdf, page 38>
Package pdftex.def Info: ../output/thesis.pdf , page38 used on input line 7.
(pdftex.def)             Requested size: 614.58406pt x 795.3441pt.
File: ../output/thesis.pdf Graphic file (type pdf)
<use ../output/thesis.pdf, page 38>
Package pdftex.def Info: ../output/thesis.pdf , page38 used on input line 7.
(pdftex.def)             Requested size: 614.58406pt x 795.3441pt.
 [44 <../output/thesis.pdf>]
<../output/thesis.pdf, id=498, page=39, 614.295pt x 794.97pt>
File: ../output/thesis.pdf Graphic file (type pdf)
<use ../output/thesis.pdf, page 39>
Package pdftex.def Info: ../output/thesis.pdf , page39 used on input line 7.
(pdftex.def)             Requested size: 614.58406pt x 795.3441pt.
File: ../output/thesis.pdf Graphic file (type pdf)
<use ../output/thesis.pdf, page 39>
Package pdftex.def Info: ../output/thesis.pdf , page39 used on input line 7.
(pdftex.def)             Requested size: 614.58406pt x 795.3441pt.
File: ../output/thesis.pdf Graphic file (type pdf)
<use ../output/thesis.pdf, page 39>
Package pdftex.def Info: ../output/thesis.pdf , page39 used on input line 7.
(pdftex.def)             Requested size: 614.58406pt x 795.3441pt.
 [45 <../output/thesis.pdf>]
<../output/thesis.pdf, id=502, page=40, 614.295pt x 794.97pt>
File: ../output/thesis.pdf Graphic file (type pdf)
<use ../output/thesis.pdf, page 40>
Package pdftex.def Info: ../output/thesis.pdf , page40 used on input line 7.
(pdftex.def)             Requested size: 614.58406pt x 795.3441pt.
File: ../output/thesis.pdf Graphic file (type pdf)
<use ../output/thesis.pdf, page 40>
Package pdftex.def Info: ../output/thesis.pdf , page40 used on input line 7.
(pdftex.def)             Requested size: 614.58406pt x 795.3441pt.
File: ../output/thesis.pdf Graphic file (type pdf)
<use ../output/thesis.pdf, page 40>
Package pdftex.def Info: ../output/thesis.pdf , page40 used on input line 7.
(pdftex.def)             Requested size: 614.58406pt x 795.3441pt.
 [46 <../output/thesis.pdf>]
<../output/thesis.pdf, id=506, page=41, 614.295pt x 794.97pt>
File: ../output/thesis.pdf Graphic file (type pdf)
<use ../output/thesis.pdf, page 41>
Package pdftex.def Info: ../output/thesis.pdf , page41 used on input line 7.
(pdftex.def)             Requested size: 614.58406pt x 795.3441pt.
File: ../output/thesis.pdf Graphic file (type pdf)
<use ../output/thesis.pdf, page 41>
Package pdftex.def Info: ../output/thesis.pdf , page41 used on input line 7.
(pdftex.def)             Requested size: 614.58406pt x 795.3441pt.
File: ../output/thesis.pdf Graphic file (type pdf)
<use ../output/thesis.pdf, page 41>
Package pdftex.def Info: ../output/thesis.pdf , page41 used on input line 7.
(pdftex.def)             Requested size: 614.58406pt x 795.3441pt.
 [47 <../output/thesis.pdf>]
<../output/thesis.pdf, id=510, page=42, 614.295pt x 794.97pt>
File: ../output/thesis.pdf Graphic file (type pdf)
<use ../output/thesis.pdf, page 42>
Package pdftex.def Info: ../output/thesis.pdf , page42 used on input line 7.
(pdftex.def)             Requested size: 614.58406pt x 795.3441pt.
File: ../output/thesis.pdf Graphic file (type pdf)
<use ../output/thesis.pdf, page 42>
Package pdftex.def Info: ../output/thesis.pdf , page42 used on input line 7.
(pdftex.def)             Requested size: 614.58406pt x 795.3441pt.
File: ../output/thesis.pdf Graphic file (type pdf)
<use ../output/thesis.pdf, page 42>
Package pdftex.def Info: ../output/thesis.pdf , page42 used on input line 7.
(pdftex.def)             Requested size: 614.58406pt x 795.3441pt.
 [48 <../output/thesis.pdf>]
<../output/thesis.pdf, id=517, page=43, 614.295pt x 794.97pt>
File: ../output/thesis.pdf Graphic file (type pdf)
<use ../output/thesis.pdf, page 43>
Package pdftex.def Info: ../output/thesis.pdf , page43 used on input line 7.
(pdftex.def)             Requested size: 614.58406pt x 795.3441pt.
File: ../output/thesis.pdf Graphic file (type pdf)
<use ../output/thesis.pdf, page 43>
Package pdftex.def Info: ../output/thesis.pdf , page43 used on input line 7.
(pdftex.def)             Requested size: 614.58406pt x 795.3441pt.
File: ../output/thesis.pdf Graphic file (type pdf)
<use ../output/thesis.pdf, page 43>
Package pdftex.def Info: ../output/thesis.pdf , page43 used on input line 7.
(pdftex.def)             Requested size: 614.58406pt x 795.3441pt.

[49 <../output/thesis.pdf>]
<../output/thesis.pdf, id=522, page=44, 614.295pt x 794.97pt>
File: ../output/thesis.pdf Graphic file (type pdf)
<use ../output/thesis.pdf, page 44>
Package pdftex.def Info: ../output/thesis.pdf , page44 used on input line 7.
(pdftex.def)             Requested size: 614.58406pt x 795.3441pt.
File: ../output/thesis.pdf Graphic file (type pdf)
<use ../output/thesis.pdf, page 44>
Package pdftex.def Info: ../output/thesis.pdf , page44 used on input line 7.
(pdftex.def)             Requested size: 614.58406pt x 795.3441pt.
File: ../output/thesis.pdf Graphic file (type pdf)
<use ../output/thesis.pdf, page 44>
Package pdftex.def Info: ../output/thesis.pdf , page44 used on input line 7.
(pdftex.def)             Requested size: 614.58406pt x 795.3441pt.
 [50 <../output/thesis.pdf>]
<../output/thesis.pdf, id=526, page=45, 614.295pt x 794.97pt>
File: ../output/thesis.pdf Graphic file (type pdf)
<use ../output/thesis.pdf, page 45>
Package pdftex.def Info: ../output/thesis.pdf , page45 used on input line 7.
(pdftex.def)             Requested size: 614.58406pt x 795.3441pt.
File: ../output/thesis.pdf Graphic file (type pdf)
<use ../output/thesis.pdf, page 45>
Package pdftex.def Info: ../output/thesis.pdf , page45 used on input line 7.
(pdftex.def)             Requested size: 614.58406pt x 795.3441pt.
File: ../output/thesis.pdf Graphic file (type pdf)
<use ../output/thesis.pdf, page 45>
Package pdftex.def Info: ../output/thesis.pdf , page45 used on input line 7.
(pdftex.def)             Requested size: 614.58406pt x 795.3441pt.
 [51 <../output/thesis.pdf>]
<../output/thesis.pdf, id=535, page=46, 614.295pt x 794.97pt>
File: ../output/thesis.pdf Graphic file (type pdf)
<use ../output/thesis.pdf, page 46>
Package pdftex.def Info: ../output/thesis.pdf , page46 used on input line 7.
(pdftex.def)             Requested size: 614.58406pt x 795.3441pt.
File: ../output/thesis.pdf Graphic file (type pdf)
<use ../output/thesis.pdf, page 46>
Package pdftex.def Info: ../output/thesis.pdf , page46 used on input line 7.
(pdftex.def)             Requested size: 614.58406pt x 795.3441pt.
File: ../output/thesis.pdf Graphic file (type pdf)
<use ../output/thesis.pdf, page 46>
Package pdftex.def Info: ../output/thesis.pdf , page46 used on input line 7.
(pdftex.def)             Requested size: 614.58406pt x 795.3441pt.
 [52 <../output/thesis.pdf>]
<../output/thesis.pdf, id=539, page=47, 614.295pt x 794.97pt>
File: ../output/thesis.pdf Graphic file (type pdf)
<use ../output/thesis.pdf, page 47>
Package pdftex.def Info: ../output/thesis.pdf , page47 used on input line 7.
(pdftex.def)             Requested size: 614.58406pt x 795.3441pt.
File: ../output/thesis.pdf Graphic file (type pdf)
<use ../output/thesis.pdf, page 47>
Package pdftex.def Info: ../output/thesis.pdf , page47 used on input line 7.
(pdftex.def)             Requested size: 614.58406pt x 795.3441pt.
File: ../output/thesis.pdf Graphic file (type pdf)
<use ../output/thesis.pdf, page 47>
Package pdftex.def Info: ../output/thesis.pdf , page47 used on input line 7.
(pdftex.def)             Requested size: 614.58406pt x 795.3441pt.
 [53 <../output/thesis.pdf>]
<../output/thesis.pdf, id=543, page=48, 614.295pt x 794.97pt>
File: ../output/thesis.pdf Graphic file (type pdf)
<use ../output/thesis.pdf, page 48>
Package pdftex.def Info: ../output/thesis.pdf , page48 used on input line 7.
(pdftex.def)             Requested size: 614.58406pt x 795.3441pt.
File: ../output/thesis.pdf Graphic file (type pdf)
<use ../output/thesis.pdf, page 48>
Package pdftex.def Info: ../output/thesis.pdf , page48 used on input line 7.
(pdftex.def)             Requested size: 614.58406pt x 795.3441pt.
File: ../output/thesis.pdf Graphic file (type pdf)
<use ../output/thesis.pdf, page 48>
Package pdftex.def Info: ../output/thesis.pdf , page48 used on input line 7.
(pdftex.def)             Requested size: 614.58406pt x 795.3441pt.
 [54 <../output/thesis.pdf>]
<../output/thesis.pdf, id=547, page=49, 614.295pt x 794.97pt>
File: ../output/thesis.pdf Graphic file (type pdf)
<use ../output/thesis.pdf, page 49>
Package pdftex.def Info: ../output/thesis.pdf , page49 used on input line 7.
(pdftex.def)             Requested size: 614.58406pt x 795.3441pt.
File: ../output/thesis.pdf Graphic file (type pdf)
<use ../output/thesis.pdf, page 49>
Package pdftex.def Info: ../output/thesis.pdf , page49 used on input line 7.
(pdftex.def)             Requested size: 614.58406pt x 795.3441pt.
File: ../output/thesis.pdf Graphic file (type pdf)
<use ../output/thesis.pdf, page 49>
Package pdftex.def Info: ../output/thesis.pdf , page49 used on input line 7.
(pdftex.def)             Requested size: 614.58406pt x 795.3441pt.
 [55 <../output/thesis.pdf>]
<../output/thesis.pdf, id=552, page=50, 614.295pt x 794.97pt>
File: ../output/thesis.pdf Graphic file (type pdf)
<use ../output/thesis.pdf, page 50>
Package pdftex.def Info: ../output/thesis.pdf , page50 used on input line 7.
(pdftex.def)             Requested size: 614.58406pt x 795.3441pt.
File: ../output/thesis.pdf Graphic file (type pdf)
<use ../output/thesis.pdf, page 50>
Package pdftex.def Info: ../output/thesis.pdf , page50 used on input line 7.
(pdftex.def)             Requested size: 614.58406pt x 795.3441pt.
File: ../output/thesis.pdf Graphic file (type pdf)
<use ../output/thesis.pdf, page 50>
Package pdftex.def Info: ../output/thesis.pdf , page50 used on input line 7.
(pdftex.def)             Requested size: 614.58406pt x 795.3441pt.
 [56 <../output/thesis.pdf>]
<../output/thesis.pdf, id=556, page=51, 614.295pt x 794.97pt>
File: ../output/thesis.pdf Graphic file (type pdf)
<use ../output/thesis.pdf, page 51>
Package pdftex.def Info: ../output/thesis.pdf , page51 used on input line 7.
(pdftex.def)             Requested size: 614.58406pt x 795.3441pt.
File: ../output/thesis.pdf Graphic file (type pdf)
<use ../output/thesis.pdf, page 51>
Package pdftex.def Info: ../output/thesis.pdf , page51 used on input line 7.
(pdftex.def)             Requested size: 614.58406pt x 795.3441pt.
File: ../output/thesis.pdf Graphic file (type pdf)
<use ../output/thesis.pdf, page 51>
Package pdftex.def Info: ../output/thesis.pdf , page51 used on input line 7.
(pdftex.def)             Requested size: 614.58406pt x 795.3441pt.
 [57 <../output/thesis.pdf>]
<../output/thesis.pdf, id=560, page=52, 614.295pt x 794.97pt>
File: ../output/thesis.pdf Graphic file (type pdf)
<use ../output/thesis.pdf, page 52>
Package pdftex.def Info: ../output/thesis.pdf , page52 used on input line 7.
(pdftex.def)             Requested size: 614.58406pt x 795.3441pt.
File: ../output/thesis.pdf Graphic file (type pdf)
<use ../output/thesis.pdf, page 52>
Package pdftex.def Info: ../output/thesis.pdf , page52 used on input line 7.
(pdftex.def)             Requested size: 614.58406pt x 795.3441pt.
File: ../output/thesis.pdf Graphic file (type pdf)
<use ../output/thesis.pdf, page 52>
Package pdftex.def Info: ../output/thesis.pdf , page52 used on input line 7.
(pdftex.def)             Requested size: 614.58406pt x 795.3441pt.
 [58 <../output/thesis.pdf>]
<../output/thesis.pdf, id=564, page=53, 614.295pt x 794.97pt>
File: ../output/thesis.pdf Graphic file (type pdf)
<use ../output/thesis.pdf, page 53>
Package pdftex.def Info: ../output/thesis.pdf , page53 used on input line 7.
(pdftex.def)             Requested size: 614.58406pt x 795.3441pt.
File: ../output/thesis.pdf Graphic file (type pdf)
<use ../output/thesis.pdf, page 53>
Package pdftex.def Info: ../output/thesis.pdf , page53 used on input line 7.
(pdftex.def)             Requested size: 614.58406pt x 795.3441pt.
File: ../output/thesis.pdf Graphic file (type pdf)
<use ../output/thesis.pdf, page 53>
Package pdftex.def Info: ../output/thesis.pdf , page53 used on input line 7.
(pdftex.def)             Requested size: 614.58406pt x 795.3441pt.
 [59 <../output/thesis.pdf>]
<../output/thesis.pdf, id=568, page=54, 614.295pt x 794.97pt>
File: ../output/thesis.pdf Graphic file (type pdf)
<use ../output/thesis.pdf, page 54>
Package pdftex.def Info: ../output/thesis.pdf , page54 used on input line 7.
(pdftex.def)             Requested size: 614.58406pt x 795.3441pt.
File: ../output/thesis.pdf Graphic file (type pdf)
<use ../output/thesis.pdf, page 54>
Package pdftex.def Info: ../output/thesis.pdf , page54 used on input line 7.
(pdftex.def)             Requested size: 614.58406pt x 795.3441pt.
File: ../output/thesis.pdf Graphic file (type pdf)
<use ../output/thesis.pdf, page 54>
Package pdftex.def Info: ../output/thesis.pdf , page54 used on input line 7.
(pdftex.def)             Requested size: 614.58406pt x 795.3441pt.
 [60 <../output/thesis.pdf>]
<../output/thesis.pdf, id=572, page=55, 614.295pt x 794.97pt>
File: ../output/thesis.pdf Graphic file (type pdf)
<use ../output/thesis.pdf, page 55>
Package pdftex.def Info: ../output/thesis.pdf , page55 used on input line 7.
(pdftex.def)             Requested size: 614.58406pt x 795.3441pt.
File: ../output/thesis.pdf Graphic file (type pdf)
<use ../output/thesis.pdf, page 55>
Package pdftex.def Info: ../output/thesis.pdf , page55 used on input line 7.
(pdftex.def)             Requested size: 614.58406pt x 795.3441pt.
File: ../output/thesis.pdf Graphic file (type pdf)
<use ../output/thesis.pdf, page 55>
Package pdftex.def Info: ../output/thesis.pdf , page55 used on input line 7.
(pdftex.def)             Requested size: 614.58406pt x 795.3441pt.
 [61 <../output/thesis.pdf>]
<../output/thesis.pdf, id=577, page=56, 614.295pt x 794.97pt>
File: ../output/thesis.pdf Graphic file (type pdf)
<use ../output/thesis.pdf, page 56>
Package pdftex.def Info: ../output/thesis.pdf , page56 used on input line 7.
(pdftex.def)             Requested size: 614.58406pt x 795.3441pt.
File: ../output/thesis.pdf Graphic file (type pdf)
<use ../output/thesis.pdf, page 56>
Package pdftex.def Info: ../output/thesis.pdf , page56 used on input line 7.
(pdftex.def)             Requested size: 614.58406pt x 795.3441pt.
File: ../output/thesis.pdf Graphic file (type pdf)
<use ../output/thesis.pdf, page 56>
Package pdftex.def Info: ../output/thesis.pdf , page56 used on input line 7.
(pdftex.def)             Requested size: 614.58406pt x 795.3441pt.
 [62 <../output/thesis.pdf>]
<../output/thesis.pdf, id=581, page=57, 614.295pt x 794.97pt>
File: ../output/thesis.pdf Graphic file (type pdf)
<use ../output/thesis.pdf, page 57>
Package pdftex.def Info: ../output/thesis.pdf , page57 used on input line 7.
(pdftex.def)             Requested size: 614.58406pt x 795.3441pt.
File: ../output/thesis.pdf Graphic file (type pdf)
<use ../output/thesis.pdf, page 57>
Package pdftex.def Info: ../output/thesis.pdf , page57 used on input line 7.
(pdftex.def)             Requested size: 614.58406pt x 795.3441pt.
File: ../output/thesis.pdf Graphic file (type pdf)
<use ../output/thesis.pdf, page 57>
Package pdftex.def Info: ../output/thesis.pdf , page57 used on input line 7.
(pdftex.def)             Requested size: 614.58406pt x 795.3441pt.

[63 <../output/thesis.pdf>]
<../output/thesis.pdf, id=585, page=58, 614.295pt x 794.97pt>
File: ../output/thesis.pdf Graphic file (type pdf)
<use ../output/thesis.pdf, page 58>
Package pdftex.def Info: ../output/thesis.pdf , page58 used on input line 7.
(pdftex.def)             Requested size: 614.58406pt x 795.3441pt.
File: ../output/thesis.pdf Graphic file (type pdf)
<use ../output/thesis.pdf, page 58>
Package pdftex.def Info: ../output/thesis.pdf , page58 used on input line 7.
(pdftex.def)             Requested size: 614.58406pt x 795.3441pt.
File: ../output/thesis.pdf Graphic file (type pdf)
<use ../output/thesis.pdf, page 58>
Package pdftex.def Info: ../output/thesis.pdf , page58 used on input line 7.
(pdftex.def)             Requested size: 614.58406pt x 795.3441pt.
 [64 <../output/thesis.pdf>]
<../output/thesis.pdf, id=589, page=59, 614.295pt x 794.97pt>
File: ../output/thesis.pdf Graphic file (type pdf)
<use ../output/thesis.pdf, page 59>
Package pdftex.def Info: ../output/thesis.pdf , page59 used on input line 7.
(pdftex.def)             Requested size: 614.58406pt x 795.3441pt.
File: ../output/thesis.pdf Graphic file (type pdf)
<use ../output/thesis.pdf, page 59>
Package pdftex.def Info: ../output/thesis.pdf , page59 used on input line 7.
(pdftex.def)             Requested size: 614.58406pt x 795.3441pt.
File: ../output/thesis.pdf Graphic file (type pdf)
<use ../output/thesis.pdf, page 59>
Package pdftex.def Info: ../output/thesis.pdf , page59 used on input line 7.
(pdftex.def)             Requested size: 614.58406pt x 795.3441pt.
 [65 <../output/thesis.pdf>]
<../output/thesis.pdf, id=593, page=60, 614.295pt x 794.97pt>
File: ../output/thesis.pdf Graphic file (type pdf)
<use ../output/thesis.pdf, page 60>
Package pdftex.def Info: ../output/thesis.pdf , page60 used on input line 7.
(pdftex.def)             Requested size: 614.58406pt x 795.3441pt.
File: ../output/thesis.pdf Graphic file (type pdf)
<use ../output/thesis.pdf, page 60>
Package pdftex.def Info: ../output/thesis.pdf , page60 used on input line 7.
(pdftex.def)             Requested size: 614.58406pt x 795.3441pt.
File: ../output/thesis.pdf Graphic file (type pdf)
<use ../output/thesis.pdf, page 60>
Package pdftex.def Info: ../output/thesis.pdf , page60 used on input line 7.
(pdftex.def)             Requested size: 614.58406pt x 795.3441pt.
 [66 <../output/thesis.pdf>]
<../output/thesis.pdf, id=597, page=61, 614.295pt x 794.97pt>
File: ../output/thesis.pdf Graphic file (type pdf)
<use ../output/thesis.pdf, page 61>
Package pdftex.def Info: ../output/thesis.pdf , page61 used on input line 7.
(pdftex.def)             Requested size: 614.58406pt x 795.3441pt.
File: ../output/thesis.pdf Graphic file (type pdf)
<use ../output/thesis.pdf, page 61>
Package pdftex.def Info: ../output/thesis.pdf , page61 used on input line 7.
(pdftex.def)             Requested size: 614.58406pt x 795.3441pt.
File: ../output/thesis.pdf Graphic file (type pdf)
<use ../output/thesis.pdf, page 61>
Package pdftex.def Info: ../output/thesis.pdf , page61 used on input line 7.
(pdftex.def)             Requested size: 614.58406pt x 795.3441pt.
 [67 <../output/thesis.pdf>]
<../output/thesis.pdf, id=602, page=62, 614.295pt x 794.97pt>
File: ../output/thesis.pdf Graphic file (type pdf)
<use ../output/thesis.pdf, page 62>
Package pdftex.def Info: ../output/thesis.pdf , page62 used on input line 7.
(pdftex.def)             Requested size: 614.58406pt x 795.3441pt.
File: ../output/thesis.pdf Graphic file (type pdf)
<use ../output/thesis.pdf, page 62>
Package pdftex.def Info: ../output/thesis.pdf , page62 used on input line 7.
(pdftex.def)             Requested size: 614.58406pt x 795.3441pt.
File: ../output/thesis.pdf Graphic file (type pdf)
<use ../output/thesis.pdf, page 62>
Package pdftex.def Info: ../output/thesis.pdf , page62 used on input line 7.
(pdftex.def)             Requested size: 614.58406pt x 795.3441pt.
 [68 <../output/thesis.pdf>]
<../output/thesis.pdf, id=606, page=63, 614.295pt x 794.97pt>
File: ../output/thesis.pdf Graphic file (type pdf)
<use ../output/thesis.pdf, page 63>
Package pdftex.def Info: ../output/thesis.pdf , page63 used on input line 7.
(pdftex.def)             Requested size: 614.58406pt x 795.3441pt.
File: ../output/thesis.pdf Graphic file (type pdf)
<use ../output/thesis.pdf, page 63>
Package pdftex.def Info: ../output/thesis.pdf , page63 used on input line 7.
(pdftex.def)             Requested size: 614.58406pt x 795.3441pt.
File: ../output/thesis.pdf Graphic file (type pdf)
<use ../output/thesis.pdf, page 63>
Package pdftex.def Info: ../output/thesis.pdf , page63 used on input line 7.
(pdftex.def)             Requested size: 614.58406pt x 795.3441pt.
 [69 <../output/thesis.pdf>]
<../output/thesis.pdf, id=610, page=64, 614.295pt x 794.97pt>
File: ../output/thesis.pdf Graphic file (type pdf)
<use ../output/thesis.pdf, page 64>
Package pdftex.def Info: ../output/thesis.pdf , page64 used on input line 7.
(pdftex.def)             Requested size: 614.58406pt x 795.3441pt.
File: ../output/thesis.pdf Graphic file (type pdf)
<use ../output/thesis.pdf, page 64>
Package pdftex.def Info: ../output/thesis.pdf , page64 used on input line 7.
(pdftex.def)             Requested size: 614.58406pt x 795.3441pt.
File: ../output/thesis.pdf Graphic file (type pdf)
<use ../output/thesis.pdf, page 64>
Package pdftex.def Info: ../output/thesis.pdf , page64 used on input line 7.
(pdftex.def)             Requested size: 614.58406pt x 795.3441pt.
 [70 <../output/thesis.pdf>]
<../output/thesis.pdf, id=614, page=65, 614.295pt x 794.97pt>
File: ../output/thesis.pdf Graphic file (type pdf)
<use ../output/thesis.pdf, page 65>
Package pdftex.def Info: ../output/thesis.pdf , page65 used on input line 7.
(pdftex.def)             Requested size: 614.58406pt x 795.3441pt.
File: ../output/thesis.pdf Graphic file (type pdf)
<use ../output/thesis.pdf, page 65>
Package pdftex.def Info: ../output/thesis.pdf , page65 used on input line 7.
(pdftex.def)             Requested size: 614.58406pt x 795.3441pt.
File: ../output/thesis.pdf Graphic file (type pdf)
<use ../output/thesis.pdf, page 65>
Package pdftex.def Info: ../output/thesis.pdf , page65 used on input line 7.
(pdftex.def)             Requested size: 614.58406pt x 795.3441pt.
 [71 <../output/thesis.pdf>]
<../output/thesis.pdf, id=618, page=66, 614.295pt x 794.97pt>
File: ../output/thesis.pdf Graphic file (type pdf)
<use ../output/thesis.pdf, page 66>
Package pdftex.def Info: ../output/thesis.pdf , page66 used on input line 7.
(pdftex.def)             Requested size: 614.58406pt x 795.3441pt.
File: ../output/thesis.pdf Graphic file (type pdf)
<use ../output/thesis.pdf, page 66>
Package pdftex.def Info: ../output/thesis.pdf , page66 used on input line 7.
(pdftex.def)             Requested size: 614.58406pt x 795.3441pt.
File: ../output/thesis.pdf Graphic file (type pdf)
<use ../output/thesis.pdf, page 66>
Package pdftex.def Info: ../output/thesis.pdf , page66 used on input line 7.
(pdftex.def)             Requested size: 614.58406pt x 795.3441pt.
 [72 <../output/thesis.pdf>]
<../output/thesis.pdf, id=622, page=67, 614.295pt x 794.97pt>
File: ../output/thesis.pdf Graphic file (type pdf)
<use ../output/thesis.pdf, page 67>
Package pdftex.def Info: ../output/thesis.pdf , page67 used on input line 7.
(pdftex.def)             Requested size: 614.58406pt x 795.3441pt.
File: ../output/thesis.pdf Graphic file (type pdf)
<use ../output/thesis.pdf, page 67>
Package pdftex.def Info: ../output/thesis.pdf , page67 used on input line 7.
(pdftex.def)             Requested size: 614.58406pt x 795.3441pt.
File: ../output/thesis.pdf Graphic file (type pdf)
<use ../output/thesis.pdf, page 67>
Package pdftex.def Info: ../output/thesis.pdf , page67 used on input line 7.
(pdftex.def)             Requested size: 614.58406pt x 795.3441pt.
 [73 <../output/thesis.pdf>]
<../output/thesis.pdf, id=627, page=68, 614.295pt x 794.97pt>
File: ../output/thesis.pdf Graphic file (type pdf)
<use ../output/thesis.pdf, page 68>
Package pdftex.def Info: ../output/thesis.pdf , page68 used on input line 7.
(pdftex.def)             Requested size: 614.58406pt x 795.3441pt.
File: ../output/thesis.pdf Graphic file (type pdf)
<use ../output/thesis.pdf, page 68>
Package pdftex.def Info: ../output/thesis.pdf , page68 used on input line 7.
(pdftex.def)             Requested size: 614.58406pt x 795.3441pt.
File: ../output/thesis.pdf Graphic file (type pdf)
<use ../output/thesis.pdf, page 68>
Package pdftex.def Info: ../output/thesis.pdf , page68 used on input line 7.
(pdftex.def)             Requested size: 614.58406pt x 795.3441pt.
 [74 <../output/thesis.pdf>]
<../output/thesis.pdf, id=631, page=69, 614.295pt x 794.97pt>
File: ../output/thesis.pdf Graphic file (type pdf)
<use ../output/thesis.pdf, page 69>
Package pdftex.def Info: ../output/thesis.pdf , page69 used on input line 7.
(pdftex.def)             Requested size: 614.58406pt x 795.3441pt.
File: ../output/thesis.pdf Graphic file (type pdf)
<use ../output/thesis.pdf, page 69>
Package pdftex.def Info: ../output/thesis.pdf , page69 used on input line 7.
(pdftex.def)             Requested size: 614.58406pt x 795.3441pt.
File: ../output/thesis.pdf Graphic file (type pdf)
<use ../output/thesis.pdf, page 69>
Package pdftex.def Info: ../output/thesis.pdf , page69 used on input line 7.
(pdftex.def)             Requested size: 614.58406pt x 795.3441pt.
 [75 <../output/thesis.pdf>]
<../output/thesis.pdf, id=635, page=70, 614.295pt x 794.97pt>
File: ../output/thesis.pdf Graphic file (type pdf)
<use ../output/thesis.pdf, page 70>
Package pdftex.def Info: ../output/thesis.pdf , page70 used on input line 7.
(pdftex.def)             Requested size: 614.58406pt x 795.3441pt.
File: ../output/thesis.pdf Graphic file (type pdf)
<use ../output/thesis.pdf, page 70>
Package pdftex.def Info: ../output/thesis.pdf , page70 used on input line 7.
(pdftex.def)             Requested size: 614.58406pt x 795.3441pt.
File: ../output/thesis.pdf Graphic file (type pdf)
<use ../output/thesis.pdf, page 70>
Package pdftex.def Info: ../output/thesis.pdf , page70 used on input line 7.
(pdftex.def)             Requested size: 614.58406pt x 795.3441pt.
 [76 <../output/thesis.pdf>]
<../output/thesis.pdf, id=639, page=71, 614.295pt x 794.97pt>
File: ../output/thesis.pdf Graphic file (type pdf)
<use ../output/thesis.pdf, page 71>
Package pdftex.def Info: ../output/thesis.pdf , page71 used on input line 7.
(pdftex.def)             Requested size: 614.58406pt x 795.3441pt.
File: ../output/thesis.pdf Graphic file (type pdf)
<use ../output/thesis.pdf, page 71>
Package pdftex.def Info: ../output/thesis.pdf , page71 used on input line 7.
(pdftex.def)             Requested size: 614.58406pt x 795.3441pt.
File: ../output/thesis.pdf Graphic file (type pdf)
<use ../output/thesis.pdf, page 71>
Package pdftex.def Info: ../output/thesis.pdf , page71 used on input line 7.
(pdftex.def)             Requested size: 614.58406pt x 795.3441pt.

[77 <../output/thesis.pdf>]
<../output/thesis.pdf, id=643, page=72, 614.295pt x 794.97pt>
File: ../output/thesis.pdf Graphic file (type pdf)
<use ../output/thesis.pdf, page 72>
Package pdftex.def Info: ../output/thesis.pdf , page72 used on input line 7.
(pdftex.def)             Requested size: 614.58406pt x 795.3441pt.
File: ../output/thesis.pdf Graphic file (type pdf)
<use ../output/thesis.pdf, page 72>
Package pdftex.def Info: ../output/thesis.pdf , page72 used on input line 7.
(pdftex.def)             Requested size: 614.58406pt x 795.3441pt.
File: ../output/thesis.pdf Graphic file (type pdf)
<use ../output/thesis.pdf, page 72>
Package pdftex.def Info: ../output/thesis.pdf , page72 used on input line 7.
(pdftex.def)             Requested size: 614.58406pt x 795.3441pt.
 [78 <../output/thesis.pdf>] (combine.aux) ) 
Here is how much of TeX's memory you used:
 2718 strings out of 480256
 46901 string characters out of 2876229
 313779 words of memory out of 3000000
 19267 multiletter control sequences out of 15000+200000
 535088 words of font info for 29 fonts, out of 3000000 for 9000
 1141 hyphenation exceptions out of 8191
 72i,17n,80p,226b,426s stack positions out of 5000i,500n,10000p,200000b,50000s
<C:/Users/ChristianOertlin/AppData/
Local/Programs/MiKTeX/fonts/type1/public/lm/lmbx12.pfb><C:/Users/ChristianOertl
in/AppData/Local/Programs/MiKTeX/fonts/type1/public/lm/lmmi12.pfb><C:/Users/Chr
istianOertlin/AppData/Local/Programs/MiKTeX/fonts/type1/public/lm/lmmi6.pfb><C:
/Users/ChristianOertlin/AppData/Local/Programs/MiKTeX/fonts/type1/public/lm/lmm
i8.pfb><C:/Users/ChristianOertlin/AppData/Local/Programs/MiKTeX/fonts/type1/pub
lic/lm/lmr10.pfb><C:/Users/ChristianOertlin/AppData/Local/Programs/MiKTeX/fonts
/type1/public/lm/lmr12.pfb><C:/Users/ChristianOertlin/AppData/Local/Programs/Mi
KTeX/fonts/type1/public/lm/lmr6.pfb><C:/Users/ChristianOertlin/AppData/Local/Pr
ograms/MiKTeX/fonts/type1/public/lm/lmr8.pfb><C:/Users/ChristianOertlin/AppData
/Local/Programs/MiKTeX/fonts/type1/public/lm/lmri10.pfb><C:/Users/ChristianOert
lin/AppData/Local/Programs/MiKTeX/fonts/type1/public/lm/lmri12.pfb><C:/Users/Ch
ristianOertlin/AppData/Local/Programs/MiKTeX/fonts/type1/public/lm/lmsy10.pfb><
C:/Users/ChristianOertlin/AppData/Local/Programs/MiKTeX/fonts/type1/public/lm/l
msy8.pfb>
Output written on combine.pdf (78 pages, 1729706 bytes).
PDF statistics:
 664 PDF objects out of 1000 (max. 8388607)
 0 named destinations out of 1000 (max. 500000)
 421 words of extra memory for PDF output out of 10000 (max. 10000000)

